C:\Program Files (x86)\Microsoft Visual Studio\2019\Community\MSBuild\Current\Bin\Microsoft.Common.CurrentVersion.targets(2203,5): warning MSB3101: Could not write state file "Debug\console32.vcxproj.AssemblyReference.cache". Could not find a part of the path 'C:\Users\Saishnu\Desktop\Main\Education\Fresno State\Semesters\Semester 3 - Fall 2021\CSCI 112 - Introduction to Computer Systems\Week 8\Lab 7\CSCI 112 - Lab 7\VS_2015_Introduction_files - Copy\console32\console32\Debug\console32.vcxproj.AssemblyReference.cache'.
C:\Program Files (x86)\Microsoft Visual Studio\2019\Community\MSBuild\Microsoft\VC\v160\Microsoft.CppCommon.targets(192,5): error MSB4018: The "GetOutOfDateItems" task failed unexpectedly.
C:\Program Files (x86)\Microsoft Visual Studio\2019\Community\MSBuild\Microsoft\VC\v160\Microsoft.CppCommon.targets(192,5): error MSB4018: System.InvalidOperationException: The item metadata "%(FullPath)" cannot be applied to the path "Debug\console32.tlog\ParallelCustomBuild.read.1.tlog". Path: Debug\console32.tlog\ParallelCustomBuild.read.1.tlog exceeds the OS max path limit. The fully qualified file name must be less than 260 characters.
C:\Program Files (x86)\Microsoft Visual Studio\2019\Community\MSBuild\Microsoft\VC\v160\Microsoft.CppCommon.targets(192,5): error MSB4018:    at Microsoft.Build.Shared.ErrorUtilities.ThrowInvalidOperation(String resourceName, Object[] args)
C:\Program Files (x86)\Microsoft Visual Studio\2019\Community\MSBuild\Microsoft\VC\v160\Microsoft.CppCommon.targets(192,5): error MSB4018:    at Microsoft.Build.Shared.FileUtilities.ItemSpecModifiers.GetItemSpecModifier(String currentDirectory, String itemSpec, String definingProjectEscaped, String modifier, String& fullPath)
C:\Program Files (x86)\Microsoft Visual Studio\2019\Community\MSBuild\Microsoft\VC\v160\Microsoft.CppCommon.targets(192,5): error MSB4018:    at Microsoft.Build.Utilities.TaskItem.Microsoft.Build.Framework.ITaskItem2.GetMetadataValueEscaped(String metadataName)
C:\Program Files (x86)\Microsoft Visual Studio\2019\Community\MSBuild\Microsoft\VC\v160\Microsoft.CppCommon.targets(192,5): error MSB4018:    at Microsoft.Build.Utilities.TaskItem.GetMetadata(String metadataName)
C:\Program Files (x86)\Microsoft Visual Studio\2019\Community\MSBuild\Microsoft\VC\v160\Microsoft.CppCommon.targets(192,5): error MSB4018:    at Microsoft.Build.CPPTasks.GetOutOfDateItems.Execute()
C:\Program Files (x86)\Microsoft Visual Studio\2019\Community\MSBuild\Microsoft\VC\v160\Microsoft.CppCommon.targets(192,5): error MSB4018:    at Microsoft.Build.BackEnd.TaskExecutionHost.Microsoft.Build.BackEnd.ITaskExecutionHost.Execute()
C:\Program Files (x86)\Microsoft Visual Studio\2019\Community\MSBuild\Microsoft\VC\v160\Microsoft.CppCommon.targets(192,5): error MSB4018:    at Microsoft.Build.BackEnd.TaskBuilder.<ExecuteInstantiatedTask>d__26.MoveNext()
