  Assembling Lab6Exercise.asm...
C:\Program Files (x86)\Microsoft Visual Studio\2019\Community\MSBuild\Microsoft\VC\v160\Microsoft.CppCommon.targets(1074,5): error MSB6003: The specified task executable "link.exe" could not be run. System.IO.DirectoryNotFoundException: Could not find a part of the path 'C:\Users\Saishnu\Desktop\Main\Education\Fresno State\Semesters\Semester 3 - Fall 2021\CSCI 112 - Introduction to Computer Systems\Week 7\CSCI112 - Lab 6\VS_2015_Introduction_files\console32\console32\Debug\console32.tlog'.
C:\Program Files (x86)\Microsoft Visual Studio\2019\Community\MSBuild\Microsoft\VC\v160\Microsoft.CppCommon.targets(1074,5): error MSB6003:    at System.IO.__Error.WinIOError(Int32 errorCode, String maybeFullPath)
C:\Program Files (x86)\Microsoft Visual Studio\2019\Community\MSBuild\Microsoft\VC\v160\Microsoft.CppCommon.targets(1074,5): error MSB6003:    at System.IO.FileSystemEnumerableIterator`1.CommonInit()
C:\Program Files (x86)\Microsoft Visual Studio\2019\Community\MSBuild\Microsoft\VC\v160\Microsoft.CppCommon.targets(1074,5): error MSB6003:    at System.IO.FileSystemEnumerableIterator`1..ctor(String path, String originalUserPath, String searchPattern, SearchOption searchOption, SearchResultHandler`1 resultHandler, Boolean checkHost)
C:\Program Files (x86)\Microsoft Visual Studio\2019\Community\MSBuild\Microsoft\VC\v160\Microsoft.CppCommon.targets(1074,5): error MSB6003:    at System.IO.Directory.GetFiles(String path, String searchPattern)
C:\Program Files (x86)\Microsoft Visual Studio\2019\Community\MSBuild\Microsoft\VC\v160\Microsoft.CppCommon.targets(1074,5): error MSB6003:    at Microsoft.Build.Utilities.TrackedDependencies.ExpandWildcards(ITaskItem[] expand)
C:\Program Files (x86)\Microsoft Visual Studio\2019\Community\MSBuild\Microsoft\VC\v160\Microsoft.CppCommon.targets(1074,5): error MSB6003:    at Microsoft.Build.Utilities.CanonicalTrackedOutputFiles.InternalConstruct(ITask ownerTask, ITaskItem[] tlogFiles, Boolean constructOutputsFromTLogs)
C:\Program Files (x86)\Microsoft Visual Studio\2019\Community\MSBuild\Microsoft\VC\v160\Microsoft.CppCommon.targets(1074,5): error MSB6003:    at Microsoft.Build.CPPTasks.TrackedVCToolTask.ComputeOutOfDateSources()
C:\Program Files (x86)\Microsoft Visual Studio\2019\Community\MSBuild\Microsoft\VC\v160\Microsoft.CppCommon.targets(1074,5): error MSB6003:    at Microsoft.Build.CPPTasks.Link.ComputeOutOfDateSources()
C:\Program Files (x86)\Microsoft Visual Studio\2019\Community\MSBuild\Microsoft\VC\v160\Microsoft.CppCommon.targets(1074,5): error MSB6003:    at Microsoft.Build.CPPTasks.TrackedVCToolTask.SkipTaskExecution()
C:\Program Files (x86)\Microsoft Visual Studio\2019\Community\MSBuild\Microsoft\VC\v160\Microsoft.CppCommon.targets(1074,5): error MSB6003:    at Microsoft.Build.Utilities.ToolTask.Execute()
